18:46:42 DEBUG : Logs will be stored at 'C:/Users/Serene_2/OneDrive/Desktop/workspace3/IDE.log'.
18:46:57 INFO  : Launching XSCT server: xsct.bat -n  -interactive C:\Users\Serene_2\OneDrive\Desktop\workspace3\temp_xsdb_launch_script.tcl
18:46:58 INFO  : Registering command handlers for Vitis TCF services
18:47:02 INFO  : Platform repository initialization has completed.
18:47:06 INFO  : XSCT server has started successfully.
18:47:06 INFO  : Successfully done setting XSCT server connection channel  
18:47:07 INFO  : plnx-install-location is set to ''
18:47:07 INFO  : Successfully done setting workspace for the tool. 
18:47:07 INFO  : Successfully done query RDI_DATADIR 
18:47:39 INFO  : [Import] Updating active build configuration of the system project 'Zybo-Z7-10-HDMI_system' to 'Debug' after the import.
18:47:41 INFO  : Platform 'design_1_wrapper' is added to custom repositories.
18:48:40 INFO  : Result from executing command 'getProjects': design_1_wrapper
18:48:40 INFO  : Result from executing command 'getPlatforms': design_1_wrapper|C:/Users/Serene_2/OneDrive/Desktop/workspace3/design_1_wrapper/export/design_1_wrapper/design_1_wrapper.xpfm;xilinx_vck190_base_202310_1|C:/Xilinx/Vitis/2023.1/base_platforms/xilinx_vck190_base_202310_1/xilinx_vck190_base_202310_1.xpfm;xilinx_vck190_base_dfx_202310_1|C:/Xilinx/Vitis/2023.1/base_platforms/xilinx_vck190_base_dfx_202310_1/xilinx_vck190_base_dfx_202310_1.xpfm;xilinx_vek280_es1_base_202310_1|C:/Xilinx/Vitis/2023.1/base_platforms/xilinx_vek280_es1_base_202310_1/xilinx_vek280_es1_base_202310_1.xpfm;xilinx_vmk180_base_202310_1|C:/Xilinx/Vitis/2023.1/base_platforms/xilinx_vmk180_base_202310_1/xilinx_vmk180_base_202310_1.xpfm;xilinx_zcu102_base_202310_1|C:/Xilinx/Vitis/2023.1/base_platforms/xilinx_zcu102_base_202310_1/xilinx_zcu102_base_202310_1.xpfm;xilinx_zcu102_base_dfx_202310_1|C:/Xilinx/Vitis/2023.1/base_platforms/xilinx_zcu102_base_dfx_202310_1/xilinx_zcu102_base_dfx_202310_1.xpfm;xilinx_zcu104_base_202310_1|C:/Xilinx/Vitis/2023.1/base_platforms/xilinx_zcu104_base_202310_1/xilinx_zcu104_base_202310_1.xpfm
18:48:44 INFO  : Checking for BSP changes to sync application flags for project 'Zybo-Z7-10-HDMI'...
18:50:56 INFO  : Checking for BSP changes to sync application flags for project 'Zybo-Z7-10-HDMI'...
18:51:34 INFO  : Connected to target on host '127.0.0.1' and port '3121'.
18:51:36 INFO  : Jtag cable 'Digilent Zybo Z7 210351B7A711A' is selected.
18:51:36 INFO  : 'jtag frequency' command is executed.
18:51:36 INFO  : Context for 'APU' is selected.
18:51:36 INFO  : System reset is completed.
18:51:39 INFO  : 'after 3000' command is executed.
18:51:40 INFO  : 'targets -set -filter {jtag_cable_name =~ "Digilent Zybo Z7 210351B7A711A" && level==0 && jtag_device_ctx=="jsn-Zybo Z7-210351B7A711A-13722093-0"}' command is executed.
18:51:41 INFO  : Device configured successfully with "C:/Users/Serene_2/OneDrive/Desktop/workspace3/Zybo-Z7-10-HDMI/_ide/bitstream/design_1_wrapper.bit"
18:51:42 INFO  : Context for 'APU' is selected.
18:51:42 INFO  : Hardware design and registers information is loaded from 'C:/Users/Serene_2/OneDrive/Desktop/workspace3/design_1_wrapper/export/design_1_wrapper/hw/design_1_wrapper.xsa'.
18:51:42 INFO  : 'configparams force-mem-access 1' command is executed.
18:51:42 INFO  : Context for 'APU' is selected.
18:51:42 INFO  : Sourcing of 'C:/Users/Serene_2/OneDrive/Desktop/workspace3/Zybo-Z7-10-HDMI/_ide/psinit/ps7_init.tcl' is done.
18:51:44 INFO  : 'ps7_init' command is executed.
18:51:44 INFO  : 'ps7_post_config' command is executed.
18:51:44 INFO  : Context for processor 'ps7_cortexa9_0' is selected.
18:51:45 INFO  : The application 'C:/Users/Serene_2/OneDrive/Desktop/workspace3/Zybo-Z7-10-HDMI/Debug/Zybo-Z7-10-HDMI.elf' is downloaded to processor 'ps7_cortexa9_0'.
18:51:45 INFO  : 'configparams force-mem-access 0' command is executed.
18:51:45 INFO  : ----------------XSDB Script----------------
connect -url tcp:127.0.0.1:3121
targets -set -nocase -filter {name =~"APU*"}
rst -system
after 3000
targets -set -filter {jtag_cable_name =~ "Digilent Zybo Z7 210351B7A711A" && level==0 && jtag_device_ctx=="jsn-Zybo Z7-210351B7A711A-13722093-0"}
fpga -file C:/Users/Serene_2/OneDrive/Desktop/workspace3/Zybo-Z7-10-HDMI/_ide/bitstream/design_1_wrapper.bit
targets -set -nocase -filter {name =~"APU*"}
loadhw -hw C:/Users/Serene_2/OneDrive/Desktop/workspace3/design_1_wrapper/export/design_1_wrapper/hw/design_1_wrapper.xsa -mem-ranges [list {0x40000000 0xbfffffff}] -regs
configparams force-mem-access 1
targets -set -nocase -filter {name =~"APU*"}
source C:/Users/Serene_2/OneDrive/Desktop/workspace3/Zybo-Z7-10-HDMI/_ide/psinit/ps7_init.tcl
ps7_init
ps7_post_config
targets -set -nocase -filter {name =~ "*A9*#0"}
dow C:/Users/Serene_2/OneDrive/Desktop/workspace3/Zybo-Z7-10-HDMI/Debug/Zybo-Z7-10-HDMI.elf
configparams force-mem-access 0
----------------End of Script----------------

18:51:45 INFO  : Context for processor 'ps7_cortexa9_0' is selected.
18:51:46 INFO  : 'con' command is executed.
18:51:46 INFO  : ----------------XSDB Script (After Launch)----------------
targets -set -nocase -filter {name =~ "*A9*#0"}
con
----------------End of Script----------------

18:51:46 INFO  : Launch script is exported to file 'C:\Users\Serene_2\OneDrive\Desktop\workspace3\Zybo-Z7-10-HDMI_system\_ide\scripts\debugger_zybo-z7-10-hdmi-default.tcl'
18:56:53 INFO  : Disconnected from the channel tcfchan#2.
18:56:54 INFO  : Connected to target on host '127.0.0.1' and port '3121'.
18:56:54 INFO  : Jtag cable 'Digilent Zybo Z7 210351B7A711A' is selected.
18:56:54 INFO  : 'jtag frequency' command is executed.
18:56:55 INFO  : Context for 'APU' is selected.
18:56:55 INFO  : System reset is completed.
18:56:58 INFO  : 'after 3000' command is executed.
18:56:58 INFO  : 'targets -set -filter {jtag_cable_name =~ "Digilent Zybo Z7 210351B7A711A" && level==0 && jtag_device_ctx=="jsn-Zybo Z7-210351B7A711A-13722093-0"}' command is executed.
18:57:00 INFO  : Device configured successfully with "C:/Users/Serene_2/OneDrive/Desktop/workspace3/Zybo-Z7-10-HDMI/_ide/bitstream/design_1_wrapper.bit"
18:57:00 INFO  : Context for 'APU' is selected.
18:57:00 INFO  : Hardware design and registers information is loaded from 'C:/Users/Serene_2/OneDrive/Desktop/workspace3/design_1_wrapper/export/design_1_wrapper/hw/design_1_wrapper.xsa'.
18:57:00 INFO  : 'configparams force-mem-access 1' command is executed.
18:57:00 INFO  : Context for 'APU' is selected.
18:57:00 INFO  : Sourcing of 'C:/Users/Serene_2/OneDrive/Desktop/workspace3/Zybo-Z7-10-HDMI/_ide/psinit/ps7_init.tcl' is done.
18:57:00 INFO  : 'ps7_init' command is executed.
18:57:00 INFO  : 'ps7_post_config' command is executed.
18:57:00 INFO  : Context for processor 'ps7_cortexa9_0' is selected.
18:57:01 INFO  : The application 'C:/Users/Serene_2/OneDrive/Desktop/workspace3/Zybo-Z7-10-HDMI/Debug/Zybo-Z7-10-HDMI.elf' is downloaded to processor 'ps7_cortexa9_0'.
18:57:01 INFO  : 'configparams force-mem-access 0' command is executed.
18:57:01 INFO  : ----------------XSDB Script----------------
connect -url tcp:127.0.0.1:3121
targets -set -nocase -filter {name =~"APU*"}
rst -system
after 3000
targets -set -filter {jtag_cable_name =~ "Digilent Zybo Z7 210351B7A711A" && level==0 && jtag_device_ctx=="jsn-Zybo Z7-210351B7A711A-13722093-0"}
fpga -file C:/Users/Serene_2/OneDrive/Desktop/workspace3/Zybo-Z7-10-HDMI/_ide/bitstream/design_1_wrapper.bit
targets -set -nocase -filter {name =~"APU*"}
loadhw -hw C:/Users/Serene_2/OneDrive/Desktop/workspace3/design_1_wrapper/export/design_1_wrapper/hw/design_1_wrapper.xsa -mem-ranges [list {0x40000000 0xbfffffff}] -regs
configparams force-mem-access 1
targets -set -nocase -filter {name =~"APU*"}
source C:/Users/Serene_2/OneDrive/Desktop/workspace3/Zybo-Z7-10-HDMI/_ide/psinit/ps7_init.tcl
ps7_init
ps7_post_config
targets -set -nocase -filter {name =~ "*A9*#0"}
dow C:/Users/Serene_2/OneDrive/Desktop/workspace3/Zybo-Z7-10-HDMI/Debug/Zybo-Z7-10-HDMI.elf
configparams force-mem-access 0
----------------End of Script----------------

18:57:01 INFO  : Context for processor 'ps7_cortexa9_0' is selected.
18:57:01 INFO  : 'con' command is executed.
18:57:01 INFO  : ----------------XSDB Script (After Launch)----------------
targets -set -nocase -filter {name =~ "*A9*#0"}
con
----------------End of Script----------------

18:57:01 INFO  : Launch script is exported to file 'C:\Users\Serene_2\OneDrive\Desktop\workspace3\Zybo-Z7-10-HDMI_system\_ide\scripts\debugger_zybo-z7-10-hdmi-default.tcl'
19:50:41 INFO  : Checking for BSP changes to sync application flags for project 'Zybo-Z7-10-HDMI'...
19:51:01 INFO  : Disconnected from the channel tcfchan#3.
19:51:02 INFO  : Connected to target on host '127.0.0.1' and port '3121'.
19:51:11 INFO  : ----------------XSDB Script----------------
connect -url tcp:127.0.0.1:3121
----------------End of Script----------------

19:51:11 ERROR : Could not find Jtag device on the board for connection 'Local'.


Troubleshooting hints:
1. Check whether board is connected to system properly.
2. In case of zynq board, check whether Digilent/Xilinx cable switch settings are correct.
3. If you are using Xilinx Platform Cable USB, ensure that status LED is green.
19:51:18 INFO  : Connected to target on host '127.0.0.1' and port '3121'.
19:51:18 INFO  : Jtag cable 'Digilent Zybo Z7 210351B7A711A' is selected.
19:51:18 INFO  : 'jtag frequency' command is executed.
19:51:18 INFO  : Context for 'APU' is selected.
19:51:19 INFO  : System reset is completed.
19:51:22 INFO  : 'after 3000' command is executed.
19:51:22 INFO  : 'targets -set -filter {jtag_cable_name =~ "Digilent Zybo Z7 210351B7A711A" && level==0 && jtag_device_ctx=="jsn-Zybo Z7-210351B7A711A-13722093-0"}' command is executed.
19:51:23 INFO  : Device configured successfully with "C:/Users/Serene_2/OneDrive/Desktop/workspace3/Zybo-Z7-10-HDMI/_ide/bitstream/design_1_wrapper.bit"
19:51:23 INFO  : Context for 'APU' is selected.
19:51:23 INFO  : Hardware design and registers information is loaded from 'C:/Users/Serene_2/OneDrive/Desktop/workspace3/design_1_wrapper/export/design_1_wrapper/hw/design_1_wrapper.xsa'.
19:51:23 INFO  : 'configparams force-mem-access 1' command is executed.
19:51:23 INFO  : Context for 'APU' is selected.
19:51:23 INFO  : Sourcing of 'C:/Users/Serene_2/OneDrive/Desktop/workspace3/Zybo-Z7-10-HDMI/_ide/psinit/ps7_init.tcl' is done.
19:51:23 INFO  : 'ps7_init' command is executed.
19:51:23 INFO  : 'ps7_post_config' command is executed.
19:51:23 INFO  : Context for processor 'ps7_cortexa9_0' is selected.
19:51:24 INFO  : The application 'C:/Users/Serene_2/OneDrive/Desktop/workspace3/Zybo-Z7-10-HDMI/Debug/Zybo-Z7-10-HDMI.elf' is downloaded to processor 'ps7_cortexa9_0'.
19:51:24 INFO  : 'configparams force-mem-access 0' command is executed.
19:51:24 INFO  : ----------------XSDB Script----------------
connect -url tcp:127.0.0.1:3121
targets -set -nocase -filter {name =~"APU*"}
rst -system
after 3000
targets -set -filter {jtag_cable_name =~ "Digilent Zybo Z7 210351B7A711A" && level==0 && jtag_device_ctx=="jsn-Zybo Z7-210351B7A711A-13722093-0"}
fpga -file C:/Users/Serene_2/OneDrive/Desktop/workspace3/Zybo-Z7-10-HDMI/_ide/bitstream/design_1_wrapper.bit
targets -set -nocase -filter {name =~"APU*"}
loadhw -hw C:/Users/Serene_2/OneDrive/Desktop/workspace3/design_1_wrapper/export/design_1_wrapper/hw/design_1_wrapper.xsa -mem-ranges [list {0x40000000 0xbfffffff}] -regs
configparams force-mem-access 1
targets -set -nocase -filter {name =~"APU*"}
source C:/Users/Serene_2/OneDrive/Desktop/workspace3/Zybo-Z7-10-HDMI/_ide/psinit/ps7_init.tcl
ps7_init
ps7_post_config
targets -set -nocase -filter {name =~ "*A9*#0"}
dow C:/Users/Serene_2/OneDrive/Desktop/workspace3/Zybo-Z7-10-HDMI/Debug/Zybo-Z7-10-HDMI.elf
configparams force-mem-access 0
----------------End of Script----------------

19:51:24 INFO  : Context for processor 'ps7_cortexa9_0' is selected.
19:51:24 INFO  : 'con' command is executed.
19:51:24 INFO  : ----------------XSDB Script (After Launch)----------------
targets -set -nocase -filter {name =~ "*A9*#0"}
con
----------------End of Script----------------

19:51:24 INFO  : Launch script is exported to file 'C:\Users\Serene_2\OneDrive\Desktop\workspace3\Zybo-Z7-10-HDMI_system\_ide\scripts\debugger_zybo-z7-10-hdmi-default.tcl'
19:51:45 INFO  : Disconnected from the channel tcfchan#4.
19:51:46 INFO  : Connected to target on host '127.0.0.1' and port '3121'.
19:51:46 INFO  : Jtag cable 'Digilent Zybo Z7 210351B7A711A' is selected.
19:51:46 INFO  : 'jtag frequency' command is executed.
19:51:46 INFO  : Context for 'APU' is selected.
19:51:46 INFO  : System reset is completed.
19:51:49 INFO  : 'after 3000' command is executed.
19:51:49 INFO  : 'targets -set -filter {jtag_cable_name =~ "Digilent Zybo Z7 210351B7A711A" && level==0 && jtag_device_ctx=="jsn-Zybo Z7-210351B7A711A-13722093-0"}' command is executed.
19:51:51 INFO  : Device configured successfully with "C:/Users/Serene_2/OneDrive/Desktop/workspace3/Zybo-Z7-10-HDMI/_ide/bitstream/design_1_wrapper.bit"
19:51:51 INFO  : Context for 'APU' is selected.
19:51:51 INFO  : Hardware design and registers information is loaded from 'C:/Users/Serene_2/OneDrive/Desktop/workspace3/design_1_wrapper/export/design_1_wrapper/hw/design_1_wrapper.xsa'.
19:51:51 INFO  : 'configparams force-mem-access 1' command is executed.
19:51:51 INFO  : Context for 'APU' is selected.
19:51:51 INFO  : Sourcing of 'C:/Users/Serene_2/OneDrive/Desktop/workspace3/Zybo-Z7-10-HDMI/_ide/psinit/ps7_init.tcl' is done.
19:51:51 INFO  : 'ps7_init' command is executed.
19:51:51 INFO  : 'ps7_post_config' command is executed.
19:51:51 INFO  : Context for processor 'ps7_cortexa9_0' is selected.
19:51:52 INFO  : The application 'C:/Users/Serene_2/OneDrive/Desktop/workspace3/Zybo-Z7-10-HDMI/Debug/Zybo-Z7-10-HDMI.elf' is downloaded to processor 'ps7_cortexa9_0'.
19:51:52 INFO  : 'configparams force-mem-access 0' command is executed.
19:51:52 INFO  : ----------------XSDB Script----------------
connect -url tcp:127.0.0.1:3121
targets -set -nocase -filter {name =~"APU*"}
rst -system
after 3000
targets -set -filter {jtag_cable_name =~ "Digilent Zybo Z7 210351B7A711A" && level==0 && jtag_device_ctx=="jsn-Zybo Z7-210351B7A711A-13722093-0"}
fpga -file C:/Users/Serene_2/OneDrive/Desktop/workspace3/Zybo-Z7-10-HDMI/_ide/bitstream/design_1_wrapper.bit
targets -set -nocase -filter {name =~"APU*"}
loadhw -hw C:/Users/Serene_2/OneDrive/Desktop/workspace3/design_1_wrapper/export/design_1_wrapper/hw/design_1_wrapper.xsa -mem-ranges [list {0x40000000 0xbfffffff}] -regs
configparams force-mem-access 1
targets -set -nocase -filter {name =~"APU*"}
source C:/Users/Serene_2/OneDrive/Desktop/workspace3/Zybo-Z7-10-HDMI/_ide/psinit/ps7_init.tcl
ps7_init
ps7_post_config
targets -set -nocase -filter {name =~ "*A9*#0"}
dow C:/Users/Serene_2/OneDrive/Desktop/workspace3/Zybo-Z7-10-HDMI/Debug/Zybo-Z7-10-HDMI.elf
configparams force-mem-access 0
----------------End of Script----------------

19:51:52 INFO  : Context for processor 'ps7_cortexa9_0' is selected.
19:51:52 INFO  : 'con' command is executed.
19:51:52 INFO  : ----------------XSDB Script (After Launch)----------------
targets -set -nocase -filter {name =~ "*A9*#0"}
con
----------------End of Script----------------

19:51:52 INFO  : Launch script is exported to file 'C:\Users\Serene_2\OneDrive\Desktop\workspace3\Zybo-Z7-10-HDMI_system\_ide\scripts\debugger_zybo-z7-10-hdmi-default.tcl'
20:13:23 INFO  : Checking for BSP changes to sync application flags for project 'Zybo-Z7-10-HDMI'...
20:13:41 INFO  : Disconnected from the channel tcfchan#5.
20:13:42 INFO  : Connected to target on host '127.0.0.1' and port '3121'.
20:13:42 INFO  : Jtag cable 'Digilent Zybo Z7 210351B7A711A' is selected.
20:13:42 ERROR : port closed
20:13:42 INFO  : ----------------XSDB Script----------------
connect -url tcp:127.0.0.1:3121
----------------End of Script----------------

20:13:42 ERROR : port closed
20:13:51 INFO  : Connected to target on host '127.0.0.1' and port '3121'.
20:13:51 INFO  : Jtag cable 'Digilent Zybo Z7 210351B7A711A' is selected.
20:13:51 INFO  : 'jtag frequency' command is executed.
20:13:51 INFO  : Context for 'APU' is selected.
20:13:51 INFO  : System reset is completed.
20:13:54 INFO  : 'after 3000' command is executed.
20:13:54 INFO  : 'targets -set -filter {jtag_cable_name =~ "Digilent Zybo Z7 210351B7A711A" && level==0 && jtag_device_ctx=="jsn-Zybo Z7-210351B7A711A-13722093-0"}' command is executed.
20:13:56 INFO  : Device configured successfully with "C:/Users/Serene_2/OneDrive/Desktop/workspace3/Zybo-Z7-10-HDMI/_ide/bitstream/design_1_wrapper.bit"
20:13:56 INFO  : Context for 'APU' is selected.
20:13:56 INFO  : Hardware design and registers information is loaded from 'C:/Users/Serene_2/OneDrive/Desktop/workspace3/design_1_wrapper/export/design_1_wrapper/hw/design_1_wrapper.xsa'.
20:13:56 INFO  : 'configparams force-mem-access 1' command is executed.
20:13:56 INFO  : Context for 'APU' is selected.
20:13:56 INFO  : Sourcing of 'C:/Users/Serene_2/OneDrive/Desktop/workspace3/Zybo-Z7-10-HDMI/_ide/psinit/ps7_init.tcl' is done.
20:13:56 INFO  : 'ps7_init' command is executed.
20:13:56 INFO  : 'ps7_post_config' command is executed.
20:13:56 INFO  : Context for processor 'ps7_cortexa9_0' is selected.
20:13:57 INFO  : The application 'C:/Users/Serene_2/OneDrive/Desktop/workspace3/Zybo-Z7-10-HDMI/Debug/Zybo-Z7-10-HDMI.elf' is downloaded to processor 'ps7_cortexa9_0'.
20:13:57 INFO  : 'configparams force-mem-access 0' command is executed.
20:13:57 INFO  : ----------------XSDB Script----------------
connect -url tcp:127.0.0.1:3121
targets -set -nocase -filter {name =~"APU*"}
rst -system
after 3000
targets -set -filter {jtag_cable_name =~ "Digilent Zybo Z7 210351B7A711A" && level==0 && jtag_device_ctx=="jsn-Zybo Z7-210351B7A711A-13722093-0"}
fpga -file C:/Users/Serene_2/OneDrive/Desktop/workspace3/Zybo-Z7-10-HDMI/_ide/bitstream/design_1_wrapper.bit
targets -set -nocase -filter {name =~"APU*"}
loadhw -hw C:/Users/Serene_2/OneDrive/Desktop/workspace3/design_1_wrapper/export/design_1_wrapper/hw/design_1_wrapper.xsa -mem-ranges [list {0x40000000 0xbfffffff}] -regs
configparams force-mem-access 1
targets -set -nocase -filter {name =~"APU*"}
source C:/Users/Serene_2/OneDrive/Desktop/workspace3/Zybo-Z7-10-HDMI/_ide/psinit/ps7_init.tcl
ps7_init
ps7_post_config
targets -set -nocase -filter {name =~ "*A9*#0"}
dow C:/Users/Serene_2/OneDrive/Desktop/workspace3/Zybo-Z7-10-HDMI/Debug/Zybo-Z7-10-HDMI.elf
configparams force-mem-access 0
----------------End of Script----------------

20:13:57 INFO  : Context for processor 'ps7_cortexa9_0' is selected.
20:13:57 INFO  : 'con' command is executed.
20:13:57 INFO  : ----------------XSDB Script (After Launch)----------------
targets -set -nocase -filter {name =~ "*A9*#0"}
con
----------------End of Script----------------

20:13:57 INFO  : Launch script is exported to file 'C:\Users\Serene_2\OneDrive\Desktop\workspace3\Zybo-Z7-10-HDMI_system\_ide\scripts\debugger_zybo-z7-10-hdmi-default.tcl'
20:14:34 INFO  : Disconnected from the channel tcfchan#6.
20:14:35 INFO  : Connected to target on host '127.0.0.1' and port '3121'.
20:14:36 INFO  : ----------------XSDB Script----------------
connect -url tcp:127.0.0.1:3121
----------------End of Script----------------

20:14:36 ERROR : Could not find FPGA device on the board for connection 'Local'.


Troubleshooting hints:
1. Check whether board is connected to system properly.
2. In case of zynq board, check whether Digilent/Xilinx cable switch settings are correct.
3. If you are using Xilinx Platform Cable USB, ensure that status LED is green.
20:15:05 INFO  : Connected to target on host '127.0.0.1' and port '3121'.
20:15:05 INFO  : Jtag cable 'Digilent Zybo Z7 210351B7A711A' is selected.
20:15:05 INFO  : 'jtag frequency' command is executed.
20:15:05 INFO  : Context for 'APU' is selected.
20:15:05 INFO  : System reset is completed.
20:15:08 INFO  : 'after 3000' command is executed.
20:15:09 INFO  : 'targets -set -filter {jtag_cable_name =~ "Digilent Zybo Z7 210351B7A711A" && level==0 && jtag_device_ctx=="jsn-Zybo Z7-210351B7A711A-13722093-0"}' command is executed.
20:15:10 INFO  : Device configured successfully with "C:/Users/Serene_2/OneDrive/Desktop/workspace3/Zybo-Z7-10-HDMI/_ide/bitstream/design_1_wrapper.bit"
20:15:10 INFO  : Context for 'APU' is selected.
20:15:10 INFO  : Hardware design and registers information is loaded from 'C:/Users/Serene_2/OneDrive/Desktop/workspace3/design_1_wrapper/export/design_1_wrapper/hw/design_1_wrapper.xsa'.
20:15:10 INFO  : 'configparams force-mem-access 1' command is executed.
20:15:10 INFO  : Context for 'APU' is selected.
20:15:10 INFO  : Sourcing of 'C:/Users/Serene_2/OneDrive/Desktop/workspace3/Zybo-Z7-10-HDMI/_ide/psinit/ps7_init.tcl' is done.
20:15:10 INFO  : 'ps7_init' command is executed.
20:15:10 INFO  : 'ps7_post_config' command is executed.
20:15:10 INFO  : Context for processor 'ps7_cortexa9_0' is selected.
20:15:11 INFO  : The application 'C:/Users/Serene_2/OneDrive/Desktop/workspace3/Zybo-Z7-10-HDMI/Debug/Zybo-Z7-10-HDMI.elf' is downloaded to processor 'ps7_cortexa9_0'.
20:15:11 INFO  : 'configparams force-mem-access 0' command is executed.
20:15:11 INFO  : ----------------XSDB Script----------------
connect -url tcp:127.0.0.1:3121
targets -set -nocase -filter {name =~"APU*"}
rst -system
after 3000
targets -set -filter {jtag_cable_name =~ "Digilent Zybo Z7 210351B7A711A" && level==0 && jtag_device_ctx=="jsn-Zybo Z7-210351B7A711A-13722093-0"}
fpga -file C:/Users/Serene_2/OneDrive/Desktop/workspace3/Zybo-Z7-10-HDMI/_ide/bitstream/design_1_wrapper.bit
targets -set -nocase -filter {name =~"APU*"}
loadhw -hw C:/Users/Serene_2/OneDrive/Desktop/workspace3/design_1_wrapper/export/design_1_wrapper/hw/design_1_wrapper.xsa -mem-ranges [list {0x40000000 0xbfffffff}] -regs
configparams force-mem-access 1
targets -set -nocase -filter {name =~"APU*"}
source C:/Users/Serene_2/OneDrive/Desktop/workspace3/Zybo-Z7-10-HDMI/_ide/psinit/ps7_init.tcl
ps7_init
ps7_post_config
targets -set -nocase -filter {name =~ "*A9*#0"}
dow C:/Users/Serene_2/OneDrive/Desktop/workspace3/Zybo-Z7-10-HDMI/Debug/Zybo-Z7-10-HDMI.elf
configparams force-mem-access 0
----------------End of Script----------------

20:15:11 INFO  : Context for processor 'ps7_cortexa9_0' is selected.
20:15:11 INFO  : 'con' command is executed.
20:15:11 INFO  : ----------------XSDB Script (After Launch)----------------
targets -set -nocase -filter {name =~ "*A9*#0"}
con
----------------End of Script----------------

20:15:11 INFO  : Launch script is exported to file 'C:\Users\Serene_2\OneDrive\Desktop\workspace3\Zybo-Z7-10-HDMI_system\_ide\scripts\debugger_zybo-z7-10-hdmi-default.tcl'
20:21:17 INFO  : Checking for BSP changes to sync application flags for project 'Zybo-Z7-10-HDMI'...
20:21:23 INFO  : Disconnected from the channel tcfchan#7.
20:21:24 INFO  : Connected to target on host '127.0.0.1' and port '3121'.
20:21:24 INFO  : ----------------XSDB Script----------------
connect -url tcp:127.0.0.1:3121
----------------End of Script----------------

20:21:24 ERROR : Could not find FPGA device on the board for connection 'Local'.


Troubleshooting hints:
1. Check whether board is connected to system properly.
2. In case of zynq board, check whether Digilent/Xilinx cable switch settings are correct.
3. If you are using Xilinx Platform Cable USB, ensure that status LED is green.
20:21:32 INFO  : Connected to target on host '127.0.0.1' and port '3121'.
20:21:33 INFO  : Jtag cable 'Digilent Zybo Z7 210351B7A711A' is selected.
20:21:33 INFO  : 'jtag frequency' command is executed.
20:21:33 INFO  : Context for 'APU' is selected.
20:21:33 INFO  : System reset is completed.
20:21:36 INFO  : 'after 3000' command is executed.
20:21:36 INFO  : 'targets -set -filter {jtag_cable_name =~ "Digilent Zybo Z7 210351B7A711A" && level==0 && jtag_device_ctx=="jsn-Zybo Z7-210351B7A711A-13722093-0"}' command is executed.
20:21:37 INFO  : Device configured successfully with "C:/Users/Serene_2/OneDrive/Desktop/workspace3/Zybo-Z7-10-HDMI/_ide/bitstream/design_1_wrapper.bit"
20:21:37 INFO  : Context for 'APU' is selected.
20:21:37 INFO  : Hardware design and registers information is loaded from 'C:/Users/Serene_2/OneDrive/Desktop/workspace3/design_1_wrapper/export/design_1_wrapper/hw/design_1_wrapper.xsa'.
20:21:37 INFO  : 'configparams force-mem-access 1' command is executed.
20:21:37 INFO  : Context for 'APU' is selected.
20:21:37 INFO  : Sourcing of 'C:/Users/Serene_2/OneDrive/Desktop/workspace3/Zybo-Z7-10-HDMI/_ide/psinit/ps7_init.tcl' is done.
20:21:38 INFO  : 'ps7_init' command is executed.
20:21:38 INFO  : 'ps7_post_config' command is executed.
20:21:38 INFO  : Context for processor 'ps7_cortexa9_0' is selected.
20:21:39 INFO  : The application 'C:/Users/Serene_2/OneDrive/Desktop/workspace3/Zybo-Z7-10-HDMI/Debug/Zybo-Z7-10-HDMI.elf' is downloaded to processor 'ps7_cortexa9_0'.
20:21:39 INFO  : 'configparams force-mem-access 0' command is executed.
20:21:39 INFO  : ----------------XSDB Script----------------
connect -url tcp:127.0.0.1:3121
targets -set -nocase -filter {name =~"APU*"}
rst -system
after 3000
targets -set -filter {jtag_cable_name =~ "Digilent Zybo Z7 210351B7A711A" && level==0 && jtag_device_ctx=="jsn-Zybo Z7-210351B7A711A-13722093-0"}
fpga -file C:/Users/Serene_2/OneDrive/Desktop/workspace3/Zybo-Z7-10-HDMI/_ide/bitstream/design_1_wrapper.bit
targets -set -nocase -filter {name =~"APU*"}
loadhw -hw C:/Users/Serene_2/OneDrive/Desktop/workspace3/design_1_wrapper/export/design_1_wrapper/hw/design_1_wrapper.xsa -mem-ranges [list {0x40000000 0xbfffffff}] -regs
configparams force-mem-access 1
targets -set -nocase -filter {name =~"APU*"}
source C:/Users/Serene_2/OneDrive/Desktop/workspace3/Zybo-Z7-10-HDMI/_ide/psinit/ps7_init.tcl
ps7_init
ps7_post_config
targets -set -nocase -filter {name =~ "*A9*#0"}
dow C:/Users/Serene_2/OneDrive/Desktop/workspace3/Zybo-Z7-10-HDMI/Debug/Zybo-Z7-10-HDMI.elf
configparams force-mem-access 0
----------------End of Script----------------

20:21:39 INFO  : Context for processor 'ps7_cortexa9_0' is selected.
20:21:39 INFO  : 'con' command is executed.
20:21:39 INFO  : ----------------XSDB Script (After Launch)----------------
targets -set -nocase -filter {name =~ "*A9*#0"}
con
----------------End of Script----------------

20:21:39 INFO  : Launch script is exported to file 'C:\Users\Serene_2\OneDrive\Desktop\workspace3\Zybo-Z7-10-HDMI_system\_ide\scripts\debugger_zybo-z7-10-hdmi-default.tcl'
20:38:04 INFO  : Disconnected from the channel tcfchan#8.
